  Building GameAssembly.dll with MsvcWinRtToolChain
  	Msvc Install Version: 17.0
  	Msvc Install SDK Directory: C:\Program Files (x86)\Windows Kits\10
  	Msvc Linker Path: C:\Program Files\Microsoft Visual Studio\2022\Community\VC\Tools\MSVC\14.36.32532\bin\HostX64\ARM64\link.exe
  	Msvc Compiler Path: C:\Program Files\Microsoft Visual Studio\2022\Community\VC\Tools\MSVC\14.36.32532\bin\HostX64\ARM64\cl.exe
  
  	Output directory: C:\Users\joyce\ClayAR3\builds\initialDragUpdate\build\bin\ARM64\Release
  	Cache directory: C:\Users\joyce\ClayAR3\builds\initialDragUpdate\build\obj\il2cppOutputProject\ARM64\Release
  pch-c.c
  pch-cpp.cpp
  Il2CppInteropDataTable.cpp
  Il2CppMetadataUsage.c
  Il2CppGenericMethodPointerTable.cpp
  Il2CppTypeDefinitions.c
  Il2CppCCalculateTypeValues1.cpp
  GenericMethods.cpp
  Generics14.cpp
  GenericMethods3.cpp
  GenericMethods8.cpp
  Il2CppCCalculateFieldValues1.cpp
  GenericMethods4.cpp
  Il2CppCCalculateTypeValues.cpp
  mscorlib_CodeGen.c
  Generics25.cpp
  Il2CppCCalculateFieldValues.cpp
  GenericMethods9.cpp
  Il2CppInvokerTable.cpp
  Unity.InputSystem2.cpp
  Generics26.cpp
  Generics9.cpp
  Generics15.cpp
  GenericMethods6.cpp
  Il2CppPCCWMethods.cpp
  Generics41.cpp
  GenericMethods10.cpp
  Unity.TextMeshPro2.cpp
  Microsoft.MixedReality.Toolkit.SDK1.cpp
  Il2CppCCWs31.cpp
  Microsoft.MixedReality.OpenXR.cpp
  Unity.InputSystem5.cpp
  Unity.InputSystem9.cpp
  GenericMethods2.cpp
  Microsoft.MixedReality.Toolkit.SDK7.cpp
  Microsoft.MixedReality.Toolkit.SDK5.cpp
  GenericMethods7.cpp
  Unity.InputSystem8.cpp
  Microsoft.MixedReality.Toolkit.SDK3.cpp
  Unity.InputSystem1.cpp
  Microsoft.MixedReality.Toolkit1.cpp
  Microsoft.MixedReality.Toolkit2.cpp
  Microsoft.MixedReality.Toolkit.SDK4.cpp
  Generics28.cpp
  Unity.InputSystem.cpp
  Generics.cpp
  GenericMethods12.cpp
  Unity.InputSystem6.cpp
  Microsoft.MixedReality.Toolkit3.cpp
  Generics7.cpp
  Generics39.cpp
  Unity.InputSystem7.cpp
  Microsoft.MixedReality.Toolkit.Services.InputSystem.cpp
  Microsoft.MixedReality.Toolkit.SDK6.cpp
  Microsoft.MixedReality.Toolkit.cpp
  Il2CppCCWs78.cpp
  Generics24.cpp
  Il2CppCCWs68.cpp
  Generics16.cpp
  Unity.TextMeshPro.cpp
  Microsoft.MixedReality.Toolkit.SDK.cpp
  Microsoft.MixedReality.Toolkit4.cpp
  Unity.InputSystem4.cpp
  UnityEngine.CoreModule1.cpp
  Generics43.cpp
  Generics37.cpp
  mscorlib2.cpp
  Il2CppGenericInstDefinitions.c
  Il2CppCCWs4.cpp
  Generics23.cpp
  Generics22.cpp
  Unity.InputSystem3.cpp
  mscorlib23.cpp
  UnityEngine.UI.cpp
  mscorlib1.cpp
  Generics46.cpp
  Generics8.cpp
  mscorlib9.cpp
  mscorlib19.cpp
  mscorlib4.cpp
  Il2CppCCWs79.cpp
  Microsoft.MixedReality.Toolkit.SDK2.cpp
  Generics17.cpp
  mscorlib7.cpp
  Generics36.cpp
  Generics44.cpp
  Unity.TextMeshPro1.cpp
  Generics29.cpp
  Generics27.cpp
  Generics42.cpp
  mscorlib10.cpp
  Unity.XR.OpenXR.cpp
  Generics6.cpp
  mscorlib14.cpp
  GenericMethods1.cpp
  Unity.InputSystem_CodeGen.c
  mscorlib.cpp
  Generics5.cpp
  mscorlib8.cpp
  Generics45.cpp
  UnityEngine.CoreModule.cpp
  Microsoft.MixedReality.Toolkit.Services.InputSimulation.cpp
  Generics4.cpp
  UnityEngine.UI2.cpp
  Unity.TextMeshPro3.cpp
  Generics21.cpp
  Unity.InputSystem_Attr.cpp
  mscorlib18.cpp
  Generics1.cpp
  mscorlib21.cpp
  mscorlib5.cpp
  Generics18.cpp
  GenericMethods5.cpp
  Generics2.cpp
  mscorlib22.cpp
  mscorlib20.cpp
  mscorlib15.cpp
  Microsoft.MixedReality.Toolkit.SDK_Attr.cpp
  mscorlib11.cpp
  Generics40.cpp
  Unity.TextMeshPro4.cpp
  Il2CppCCalculateFieldValues2.cpp
  mscorlib12.cpp
  Generics3.cpp
  Generics20.cpp
  Il2CppGenericAdjustorThunkTable.cpp
  Il2CppCCWs93.cpp
  Unity.InputSystem10.cpp
  mscorlib3.cpp
  Generics19.cpp
  mscorlib16.cpp
  mscorlib17.cpp
  mscorlib13.cpp
  Il2CppGenericClassTable.c
  Generics38.cpp
  Generics12.cpp
  System1.cpp
  Microsoft.MixedReality.Toolkit.SDK_CodeGen.c
  Unity.XR.OpenXR1.cpp
  Microsoft.MixedReality.Toolkit.Providers.OpenXR.cpp
  UnityEngine.UI3.cpp
  Il2CppGenericMethodTable.c
  UnresolvedVirtualCallStubs.cpp
  Microsoft.MixedReality.Toolkit_Attr.cpp
  Generics11.cpp
  UnityEngine.UI1.cpp
  GenericMethods11.cpp
  Generics13.cpp
  Generics35.cpp
  Generics10.cpp
  UnityEngine.CoreModule_Attr.cpp
  Mono.Security.cpp
  Microsoft.MixedReality.Toolkit.Gltf.cpp
  Unity.TextMeshPro5.cpp
  Generics33.cpp
  Il2CppCCWs92.cpp
  Generics34.cpp
  mscorlib_Attr.cpp
  Generics32.cpp
  Generics31.cpp
  Microsoft.MixedReality.Toolkit_CodeGen.c
  UnityEngine.CoreModule2.cpp
  Generics30.cpp
  Il2CppGenericMethodDefinitions.c
  Unity.XR.ARFoundation.cpp
  Microsoft.MixedReality.Toolkit5.cpp
  Microsoft.MixedReality.Toolkit.Services.InputAnimation.cpp
  Microsoft.MixedReality.Toolkit.Providers.XRSDK.cpp
  Microsoft.MixedReality.Toolkit.Providers.XRSDK.WindowsMixedReality.cpp
  System.Runtime.WindowsRuntime.cpp
  Generics47.cpp
  Microsoft.MixedReality.Toolkit.Services.InputSystem1.cpp
  Microsoft.MixedReality.Toolkit.Services.SceneSystem.cpp
  Unity.XR.OpenXR_Attr.cpp
  System2.cpp
  Il2CppCCWs90.cpp
  Unity.XR.ARSubsystems.cpp
  Il2CppCCWs86.cpp
  Il2CppCCWs105.cpp
  Il2CppCCWs84.cpp
  Il2CppCCWs82.cpp
  System.cpp
  Il2CppCCWs104.cpp
  UnityEngine.CoreModule_CodeGen.c
  WindowsRuntimeMetadata.cpp
  UnityEngine.IMGUIModule.cpp
  Microsoft.MixedReality.Toolkit.Providers.WindowsMixedReality.Shared.cpp
  Microsoft.MixedReality.Toolkit.SDK8.cpp
  mscorlib24.cpp
  mscorlib6.cpp
  Microsoft.MixedReality.Toolkit.Services.DiagnosticsSystem.cpp
  Il2CppCCWs88.cpp
  Il2CppCCWs62.cpp
  Il2CppCCWs81.cpp
  UnityEngine.XRModule.cpp
  Il2CppCCWs23.cpp
  Il2CppCCWs83.cpp
  Il2CppCCWs21.cpp
  I18N.CJK.cpp
  Il2CppCCWs87.cpp
  Il2CppCCWs38.cpp
  Il2CppCCWs22.cpp
  Il2CppCCWs91.cpp
  Il2CppCCWs94.cpp
  Il2CppCCTypeValuesTable.cpp
  I18N.cpp
  Il2CppCCWs20.cpp
  GenericMethods13.cpp
  UnityEngine.UnityWebRequestModule.cpp
  UnityEngine.AndroidJNIModule.cpp
  Microsoft.MixedReality.Toolkit.Providers.WindowsVoiceInput.cpp
  Il2CppCCWs.cpp
  Il2CppCCWs89.cpp
  Il2CppCCWs63.cpp
  Il2CppCCWs103.cpp
  Il2CppCCWs37.cpp
  Il2CppCCWs67.cpp
  System.Core.cpp
  UnityEngine.UI_CodeGen.c
  Il2CppCCWs66.cpp
  Il2CppCCWs28.cpp
  Il2CppCCWs74.cpp
  Il2CppCCWs72.cpp
  Unity.TextMeshPro_CodeGen.c
  Il2CppCCWs65.cpp
  Il2CppCCWs99.cpp
  Il2CppCCWs64.cpp
  Il2CppCCWs100.cpp
  char-conversions.cpp
  I18N.Rare4.cpp
  Il2CppCCWs36.cpp
  Il2CppCCWs3.cpp
  I18N.Rare2.cpp
  I18N.Rare.cpp
  Il2CppCCWs26.cpp
  Il2CppCCWs24.cpp
  I18N.Rare1.cpp
  Il2CppCCWs25.cpp
  Il2CppCCWs29.cpp
  I18N.Rare3.cpp
  Il2CppCCWs77.cpp
  Il2CppCCWs27.cpp
  Il2CppCCWs76.cpp
  I18N.West.cpp
  Il2CppCCWs98.cpp
  Il2CppCCFieldValuesTable.cpp
  Il2CppCCWs75.cpp
  Il2CppCCWs85.cpp
  Il2CppCCWs1.cpp
  Microsoft.MixedReality.OpenXR_Attr.cpp
  Il2CppCCWs35.cpp
  UnityEngine.UI_Attr.cpp
  Il2CppCCWs2.cpp
  I18N.Other.cpp
  Il2CppCCWs96.cpp
  I18N.West1.cpp
  UnityEngine.PhysicsModule.cpp
  Unity.XR.OpenXR_CodeGen.c
  Il2CppCCWs101.cpp
  Il2CppCCWs71.cpp
  Il2CppCCWs61.cpp
  UnityEngine.AnimationModule.cpp
  Il2CppCCWs34.cpp
  UnityEngine.TextCoreModule.cpp
  Microsoft.MixedReality.OpenXR_CodeGen.c
  Il2CppCCWs97.cpp
  UnityEngine.UIModule.cpp
  UnityEngine.TerrainModule.cpp
  Il2CppCCWs69.cpp
  I18N.MidEast.cpp
  Unity.TextMeshPro_Attr.cpp
  Il2CppCCWs80.cpp
  System_CodeGen.c
  Il2CppCCWs70.cpp
  UnityEngine.TextRenderingModule.cpp
  Microsoft.MixedReality.Toolkit.Async.cpp
  Unity.XR.Management.cpp
  Il2CppCCWs102.cpp
  Il2CppCCWs30.cpp
  Il2CppCCWs73.cpp
  System.Numerics.cpp
  Il2CppCCWs95.cpp
  Microsoft.MixedReality.Toolkit.Services.TeleportSystem.cpp
  Microsoft.MixedReality.Toolkit.Services.InputSimulation_Attr.cpp
  UnityEngine.SubsystemsModule.cpp
  Microsoft.MixedReality.Toolkit.Providers.WindowsSceneUnderstanding.cpp
  UnityEngine.PhysicsModule_Attr.cpp
  UnityEngine.IMGUIModule_Attr.cpp
  Microsoft.MixedReality.Toolkit.Services.InputSystem_Attr.cpp
  Il2CppCCWs33.cpp
  Microsoft.MixedReality.Toolkit.Services.SpatialAwarenessSystem.cpp
  UnityEngine.Physics2DModule.cpp
  Microsoft.MixedReality.Toolkit.Services.CameraSystem.cpp
  Unity.XR.OpenXR.Features.MockRuntime.cpp
  UnityEngine.AnimationModule_Attr.cpp
  Microsoft.MixedReality.Toolkit.Services.InputSystem_CodeGen.c
  Il2CppCCWs40.cpp
  UnityEngine.XRModule_Attr.cpp
  UnityEngine.SharedInternalsModule.cpp
  UnityEngine.SpatialTracking.cpp
  UnityEngine.Physics2DModule_Attr.cpp
  UnityEngine.AudioModule.cpp
  UnityEngine.ParticleSystemModule.cpp
  Il2CppCCWs39.cpp
  Il2CppCCWs54.cpp
  UnityEngine.AudioModule_Attr.cpp
  UnityEngine.InputLegacyModule.cpp
  Il2CppCCWs51.cpp
  UnityEngine.ParticleSystemModule_Attr.cpp
  Il2CppCCWs42.cpp
  Il2CppCCWs46.cpp
  UnityEngine.TextCoreModule_Attr.cpp
  Il2CppCCWs41.cpp
  UnityEngine.SharedInternalsModule_Attr.cpp
  UnityEngine.AndroidJNIModule_Attr.cpp
  Microsoft.MixedReality.Toolkit.Services.InputAnimation_Attr.cpp
  Assembly-CSharp.cpp
  Il2CppCCWs49.cpp
  Unity.XR.ARSubsystems_Attr.cpp
  UnityEngine.TextRenderingModule_Attr.cpp
  Il2CppCCWs43.cpp
  Il2CppCCWs56.cpp
  Il2CppCCWs55.cpp
  Il2CppCCWs53.cpp
  Il2CppCCWs52.cpp
  Il2CppCCWs60.cpp
  Il2CppCCWs14.cpp
  WindowsRuntimeMetadata_CodeGen.c
  UnityEngine.VFXModule_Attr.cpp
  UnityEngine.UnityWebRequestModule_Attr.cpp
  Microsoft.MixedReality.Toolkit.Services.InputSimulation_CodeGen.c
  Il2CppCCWs47.cpp
  System.Core_Attr.cpp
  UnityEngine.UIModule_Attr.cpp
  Il2CppCCWs45.cpp
  Il2CppCCWs59.cpp
  UnityEngine.TilemapModule_Attr.cpp
  Il2CppCCWs57.cpp
  UnityEngine.VideoModule_Attr.cpp
  Il2CppCCWs44.cpp
  Il2CppCCWs50.cpp
  Il2CppCCWs8.cpp
  Il2CppCCWs48.cpp
  UnityEngine.SubsystemsModule_Attr.cpp
  Microsoft.MixedReality.Toolkit.Providers.OpenXR_Attr.cpp
  Unity.XR.ARFoundation_Attr.cpp
  Il2CppCCWs58.cpp
  Microsoft.MixedReality.Toolkit.Services.SceneSystem_Attr.cpp
  UnityEngine.UnityAnalyticsModule_Attr.cpp
  Microsoft.MixedReality.Toolkit.Providers.WindowsSceneUnderstanding_Attr.cpp
  UnityEngine.TerrainModule_Attr.cpp
  UnityEngine.UIElementsNativeModule.cpp
  Unity.XR.ARSubsystems_CodeGen.c
  UnityEngine.UIElementsNativeModule_Attr.cpp
  UnityEngine.UnityAnalyticsModule.cpp
  UnityEngine.InputLegacyModule_Attr.cpp
  System_Attr.cpp
  UnityEngine.TilemapModule.cpp
  Il2CppCCWs13.cpp
  UnityEngine.GridModule_Attr.cpp
  UnityEngine.InputModule_Attr.cpp
  UnityEngine.VFXModule.cpp
  Il2CppCCWs32.cpp
  UnityEngine.VRModule_Attr.cpp
  Il2CppCCWs19.cpp
  Microsoft.MixedReality.Toolkit.Gltf_Attr.cpp
  Microsoft.MixedReality.Toolkit.Providers.WindowsMixedReality.Shared_Attr.cpp
  UnityEngine.ImageConversionModule_Attr.cpp
  Il2CppCCWs17.cpp
  UnityEngine.DirectorModule_Attr.cpp
  UnityEngine.AIModule_Attr.cpp
  UnityEngine.SpriteShapeModule_Attr.cpp
  Il2CppCCWs18.cpp
  UnityEngine.JSONSerializeModule_Attr.cpp
  Microsoft.MixedReality.Toolkit.Providers.XRSDK.WindowsMixedReality_Attr.cpp
  Il2CppCCWs9.cpp
  UnityEngine.VideoModule.cpp
  Il2CppCCWs5.cpp
  Il2CppCCWs7.cpp
  Il2CppCCWs16.cpp
  Il2CppCCWs11.cpp
  Il2CppCCWs6.cpp
  System.Runtime.WindowsRuntime_CodeGen.c
  Il2CppGenericComDefinitions5.cpp
  Unity.XR.OpenXR.Features.ConformanceAutomation.cpp
  UnityEngine.AssetBundleModule_Attr.cpp
  Unity.XR.ARFoundation_CodeGen.c
  Il2CppCCWs15.cpp
  Il2CppCCWs10.cpp
  UnityEngine.UIElementsModule_Attr.cpp
  Mono.Security_CodeGen.c
  Il2CppCCWs12.cpp
  Microsoft.MixedReality.Toolkit.Providers.XRSDK_Attr.cpp
  Microsoft.MixedReality.Toolkit.Async_Attr.cpp
  Unity.XR.OpenXR.Features.RuntimeDebugger.cpp
  System.Runtime.WindowsRuntime_Attr.cpp
  deflate.c
C:\Users\joyce\ClayAR3\builds\initialDragUpdate\Il2CppOutputProject\IL2CPP\external\zlib\deflate.c(1915): warning C4244: '=': conversion from 'ush' to 'uchf', possible loss of data
C:\Users\joyce\ClayAR3\builds\initialDragUpdate\Il2CppOutputProject\IL2CPP\external\zlib\deflate.c(2040): warning C4244: '=': conversion from 'ush' to 'uchf', possible loss of data
C:\Users\joyce\ClayAR3\builds\initialDragUpdate\Il2CppOutputProject\IL2CPP\external\zlib\deflate.c(2150): warning C4244: '=': conversion from 'ush' to 'uchf', possible loss of data
  Microsoft.MixedReality.Toolkit.Services.InputAnimation_CodeGen.c
  I18N.Rare_CodeGen.c
  System.Core_CodeGen.c
  Microsoft.MixedReality.Toolkit.Providers.WindowsVoiceInput_Attr.cpp
  Microsoft.MixedReality.Toolkit.Services.DiagnosticsSystem_Attr.cpp
  Unity.XR.Management_Attr.cpp
  Microsoft.MixedReality.Toolkit.Services.SceneSystem_CodeGen.c
  UnityEngine.InputModule.cpp
  UnityEngine.XRModule_CodeGen.c
  UnityEngine.IMGUIModule_CodeGen.c
  UnityEngine.AndroidJNIModule_CodeGen.c
  Microsoft.MixedReality.Toolkit.Providers.OpenXR_CodeGen.c
  I18N.CJK_CodeGen.c
  System.Xml_Attr.cpp
  Microsoft.MixedReality.Toolkit.Gltf_CodeGen.c
  UnityEngine.JSONSerializeModule.cpp
  System.Configuration.cpp
  System.Configuration_Attr.cpp
  Mono.Security_Attr.cpp
  Il2CppGenericComDefinitions125.cpp
  UnityEngine.PhysicsModule_CodeGen.c
  UnityEngine.TextCoreModule_CodeGen.c
  System.Numerics_Attr.cpp
  Microsoft.MixedReality.Toolkit.Providers.XRSDK.WindowsMixedReality_CodeGen.c
  trees.c
  UnityEngine.UnityWebRequestModule_CodeGen.c
  System.Numerics.Vectors_Attr.cpp
  UnityEngine.AssetBundleModule.cpp
  Microsoft.MixedReality.Toolkit.Services.DiagnosticsSystem_CodeGen.c
  inflate.c
  Microsoft.MixedReality.Toolkit.Providers.WindowsMixedReality.Shared_CodeGen.c
  UnityEngine.AnimationModule_CodeGen.c
  xamarin_getifaddrs.c
  UnityEngine.SpatialTracking_Attr.cpp
  Microsoft.MixedReality.Toolkit.Services.CameraSystem_Attr.cpp
  crc32.c
  Microsoft.MixedReality.Toolkit.Providers.XRSDK_CodeGen.c
  UnityEngine.UIModule_CodeGen.c
  Unity.XR.OpenXR.Features.MockRuntime_Attr.cpp
  Microsoft.MixedReality.Toolkit.Providers.WindowsSceneUnderstanding_CodeGen.c
  I18N_CodeGen.c
  System.Runtime.WindowsRuntime.UI.Xaml.cpp
  System.Diagnostics.StackTrace_Attr.cpp
  System.Globalization.Extensions_Attr.cpp
  Microsoft.MixedReality.Toolkit.Services.SpatialAwarenessSystem_Attr.cpp
  System.ObjectModel_Attr.cpp
  System.Runtime.InteropServices.WindowsRuntime_Attr.cpp
  UnityEngine.SubsystemsModule_CodeGen.c
  UnityEngine.ParticleSystemModule_CodeGen.c
  netstandard_Attr.cpp
  System.Runtime_Attr.cpp
  I18N.West_CodeGen.c
  UnityEngine.VRModule.cpp
  Microsoft.MixedReality.Toolkit.Providers.WindowsVoiceInput_CodeGen.c
  Microsoft.MixedReality.Toolkit.Services.TeleportSystem_Attr.cpp
  UnityEngine.AIModule.cpp
  WindowsRuntimeMetadata_Attr.cpp
  UnityEngine.DirectorModule.cpp
  Microsoft.MixedReality.Toolkit.Async_CodeGen.c
  Unity.XR.Management_CodeGen.c
  I18N.Other_CodeGen.c
  UnityEngine.AudioModule_CodeGen.c
  UnityEngine.Physics2DModule_CodeGen.c
  UnityEngine.SharedInternalsModule_CodeGen.c
  System.Runtime.WindowsRuntime.UI.Xaml_Attr.cpp
  UnityEngine.TextRenderingModule_CodeGen.c
  infback.c
  Unity.XR.OpenXR.Features.MockRuntime_CodeGen.c
  gzwrite.c
  gzread.c
  I18N_Attr.cpp
  gzlib.c
  Il2CppGenericComDefinitions53.cpp
  UnityEngine.TerrainModule_CodeGen.c
  Il2CppReversePInvokeWrapperTable.cpp
  UnityEngine.InputLegacyModule_CodeGen.c
  Il2CppCodeRegistration.cpp
  I18N.MidEast_Attr.cpp
  I18N.West_Attr.cpp
  I18N.Other_Attr.cpp
  I18N.Rare_Attr.cpp
  I18N.CJK_Attr.cpp
  I18N.MidEast_CodeGen.c
  System.Numerics_CodeGen.c
  inftrees.c
  inffast.c
  UnityEngine.SpatialTracking_CodeGen.c
  il2cpp-api.cpp
  Microsoft.MixedReality.Toolkit.Services.SpatialAwarenessSystem_CodeGen.c
  Unity.XR.OpenXR.Features.ConformanceAutomation_Attr.cpp
  UnityEngine.UIElementsModule.cpp
  UnityEngine.TilemapModule_CodeGen.c
  UnityEngine_Attr.cpp
  Unity.XR.OpenXR.Features.RuntimeDebugger_Attr.cpp
  UnityEngine.ImageConversionModule.cpp
  UnityEngine.VideoModule_CodeGen.c
  Microsoft.MixedReality.Toolkit.Services.TeleportSystem_CodeGen.c
  Assembly-CSharp_Attr.cpp
  UnityEngine.VFXModule_CodeGen.c
  UnityEngine.UnityAnalyticsModule_CodeGen.c
  UnityEngine.UIElementsNativeModule_CodeGen.c
  Microsoft.MixedReality.Toolkit.Services.CameraSystem_CodeGen.c
  Unity.XR.OpenXR.Features.ConformanceAutomation_CodeGen.c
  UnityEngine.InputModule_CodeGen.c
  zutil.c
  System.Configuration_CodeGen.c
  System.Xml.cpp
  UnityEngine.SpriteShapeModule.cpp
  Unity.XR.OpenXR.Features.RuntimeDebugger_CodeGen.c
  UnityEngine.GridModule.cpp
  UnityEngine.JSONSerializeModule_CodeGen.c
  uncompr.c
  System.Runtime.WindowsRuntime.UI.Xaml_CodeGen.c
  Assembly-CSharp_CodeGen.c
  UnityEngine.AIModule_CodeGen.c
  UnityAdsStubs.cpp
  krait_signal_handler.c
  adler32.c
  UnityEngine.DirectorModule_CodeGen.c
  UnityEngine.VRModule_CodeGen.c
  UnityEngine.ImageConversionModule_CodeGen.c
  UnityEngine.UIElementsModule_CodeGen.c
  UnityEngine.GridModule_CodeGen.c
  Il2CppMetadataRegistration.c
  System.Xml_CodeGen.c
  netstandard.cpp
  System.Numerics.Vectors.cpp
  System.ObjectModel.cpp
  System.Diagnostics.StackTrace.cpp
  System.IO.Compression.cpp
  System.Globalization.Extensions.cpp
  System.Runtime.cpp
  System.Runtime.Serialization.Xml.cpp
  System.Runtime.InteropServices.WindowsRuntime.cpp
  System.Runtime.InteropServices.WindowsRuntime_CodeGen.c
  UnityEngine.cpp
  System.Xml.XPath.XDocument.cpp
  il2cpp-benchmark-support.cpp
  gzclose.c
  System.Globalization.Extensions_CodeGen.c
  System.Diagnostics.StackTrace_CodeGen.c
  UnityEngine.SpriteShapeModule_CodeGen.c
  System.Numerics.Vectors_CodeGen.c
  UnityEngine.AssetBundleModule_CodeGen.c
  System.ObjectModel_CodeGen.c
  System.Runtime_CodeGen.c
  System.Xml.XPath.XDocument_CodeGen.c
  System.Runtime.Serialization.Xml_CodeGen.c
  UnityEngine_CodeGen.c
  System.IO.Compression_CodeGen.c
  netstandard_CodeGen.c
  Lump_libil2cpp_vm-utils.cpp
  Lump_libil2cpp_utils.cpp
  System.Runtime.Serialization.Xml_Attr.cpp
  System.IO.Compression_Attr.cpp
  Il2CppGenericComDefinitions.cpp
  Il2CppGenericComDefinitions1.cpp
  System.Xml.XPath.XDocument_Attr.cpp
  Il2CppGenericComDefinitions100.cpp
  Il2CppGenericComDefinitions101.cpp
  Il2CppGenericComDefinitions103.cpp
  Il2CppGenericComDefinitions102.cpp
  Il2CppGenericComDefinitions10.cpp
  Il2CppGenericComDefinitions104.cpp
  Lump_libil2cpp_metadata.cpp
  Il2CppGenericComDefinitions105.cpp
  Il2CppGenericComDefinitions107.cpp
  Il2CppGenericComDefinitions106.cpp
  Il2CppGenericComDefinitions108.cpp
  Lump_libil2cpp_codegen.cpp
  Lump_libil2cpp_gc.cpp
  Il2CppGenericComDefinitions109.cpp
  Il2CppGenericComDefinitions111.cpp
  Il2CppGenericComDefinitions11.cpp
  Il2CppGenericComDefinitions110.cpp
  Il2CppGenericComDefinitions113.cpp
  Il2CppGenericComDefinitions112.cpp
  Il2CppGenericComDefinitions115.cpp
  Il2CppGenericComDefinitions114.cpp
  Il2CppGenericComDefinitions117.cpp
  gc.c
  Il2CppGenericComDefinitions116.cpp
  Il2CppGenericComDefinitions118.cpp
  Lump_libil2cpp_mono.cpp
  Il2CppGenericComDefinitions122.cpp
  Il2CppGenericComDefinitions12.cpp
  Il2CppGenericComDefinitions119.cpp
  Il2CppGenericComDefinitions120.cpp
  Il2CppGenericComDefinitions121.cpp
  Il2CppGenericComDefinitions123.cpp
  Il2CppGenericComDefinitions124.cpp
  Il2CppGenericComDefinitions126.cpp
  Il2CppGenericComDefinitions129.cpp
  Il2CppGenericComDefinitions128.cpp
  Il2CppGenericComDefinitions130.cpp
  Il2CppGenericComDefinitions127.cpp
  Il2CppGenericComDefinitions131.cpp
  Il2CppGenericComDefinitions13.cpp
  Il2CppGenericComDefinitions14.cpp
  Il2CppGenericComDefinitions15.cpp
  Il2CppGenericComDefinitions18.cpp
  Il2CppGenericComDefinitions17.cpp
  Il2CppGenericComDefinitions19.cpp
  Il2CppGenericComDefinitions16.cpp
  Il2CppGenericComDefinitions22.cpp
  Il2CppGenericComDefinitions20.cpp
  Il2CppGenericComDefinitions25.cpp
  Il2CppGenericComDefinitions2.cpp
  Il2CppGenericComDefinitions23.cpp
  Il2CppGenericComDefinitions24.cpp
  Il2CppGenericComDefinitions21.cpp
  Il2CppGenericComDefinitions27.cpp
  Il2CppGenericComDefinitions26.cpp
  Il2CppGenericComDefinitions3.cpp
  Il2CppGenericComDefinitions28.cpp
  Il2CppGenericComDefinitions30.cpp
  Il2CppGenericComDefinitions29.cpp
  Il2CppGenericComDefinitions31.cpp
  Il2CppGenericComDefinitions33.cpp
  Il2CppGenericComDefinitions32.cpp
  Il2CppGenericComDefinitions34.cpp
  Il2CppGenericComDefinitions36.cpp
  Il2CppGenericComDefinitions35.cpp
  Il2CppGenericComDefinitions37.cpp
  Il2CppGenericComDefinitions38.cpp
  Il2CppGenericComDefinitions39.cpp
  Il2CppGenericComDefinitions41.cpp
  Il2CppGenericComDefinitions40.cpp
  Il2CppGenericComDefinitions42.cpp
  Il2CppGenericComDefinitions4.cpp
  Il2CppGenericComDefinitions45.cpp
  Il2CppGenericComDefinitions44.cpp
  Il2CppGenericComDefinitions43.cpp
  Il2CppGenericComDefinitions46.cpp
  Il2CppGenericComDefinitions47.cpp
  Il2CppGenericComDefinitions49.cpp
  Il2CppGenericComDefinitions48.cpp
  Il2CppGenericComDefinitions51.cpp
  Il2CppGenericComDefinitions50.cpp
  Il2CppGenericComDefinitions54.cpp
  Lump_libil2cpp_icalls.cpp
  Il2CppGenericComDefinitions58.cpp
  Il2CppGenericComDefinitions56.cpp
  Il2CppGenericComDefinitions52.cpp
  Il2CppGenericComDefinitions55.cpp
  Il2CppGenericComDefinitions57.cpp
  Il2CppGenericComDefinitions59.cpp
  Il2CppGenericComDefinitions6.cpp
  Il2CppGenericComDefinitions62.cpp
  Il2CppGenericComDefinitions60.cpp
  Il2CppGenericComDefinitions61.cpp
  Il2CppGenericComDefinitions63.cpp
  Il2CppGenericComDefinitions64.cpp
  Il2CppGenericComDefinitions65.cpp
  Il2CppGenericComDefinitions67.cpp
  Il2CppGenericComDefinitions68.cpp
  Il2CppGenericComDefinitions66.cpp
  Il2CppGenericComDefinitions7.cpp
  Il2CppGenericComDefinitions70.cpp
  Il2CppGenericComDefinitions69.cpp
  Il2CppGenericComDefinitions72.cpp
  Il2CppGenericComDefinitions71.cpp
  Il2CppGenericComDefinitions75.cpp
  Il2CppGenericComDefinitions74.cpp
  Il2CppGenericComDefinitions73.cpp
  Il2CppGenericComDefinitions8.cpp
  Il2CppGenericComDefinitions78.cpp
  Il2CppGenericComDefinitions77.cpp
  Il2CppGenericComDefinitions79.cpp
  Il2CppGenericComDefinitions76.cpp
  Il2CppGenericComDefinitions80.cpp
  Il2CppGenericComDefinitions82.cpp
  Il2CppGenericComDefinitions86.cpp
  Il2CppGenericComDefinitions84.cpp
  Il2CppGenericComDefinitions85.cpp
  Il2CppGenericComDefinitions81.cpp
  Il2CppGenericComDefinitions83.cpp
  Il2CppGenericComDefinitions87.cpp
  Il2CppGenericComDefinitions88.cpp
  Il2CppGenericComDefinitions89.cpp
  Il2CppGenericComDefinitions93.cpp
  Il2CppGenericComDefinitions92.cpp
  Il2CppGenericComDefinitions91.cpp
  Il2CppGenericComDefinitions90.cpp
  Il2CppGenericComDefinitions9.cpp
  Il2CppGenericComDefinitions95.cpp
  Il2CppGenericComDefinitions94.cpp
  Il2CppGenericComDefinitions98.cpp
  Il2CppGenericComDefinitions97.cpp
  Il2CppGenericComDefinitions96.cpp
  Il2CppGenericComDefinitions99.cpp
  Mono.Security1.cpp
  Lump_libil2cpp_debugger.cpp
  il2cpp-runtime-stats.cpp
  Lump_libil2cpp_os.cpp
  Lump_libil2cpp_vm.cpp
  ObjectFiles: 691 of which compiled: 691
  	Time Compile: 24132 milliseconds Generics23.cpp
  	Time Compile: 20628 milliseconds Il2CppCCWs68.cpp
  	Time Compile: 17342 milliseconds Il2CppCCWs4.cpp
  	Time Compile: 16434 milliseconds Unity.TextMeshPro3.cpp
  	Time Compile: 12149 milliseconds mscorlib6.cpp
  	Time Compile: 11693 milliseconds Il2CppCCWs31.cpp
  	Time Compile: 9541 milliseconds Il2CppPCCWMethods.cpp
  	Time Compile: 9324 milliseconds Il2CppCCWs78.cpp
  	Time Compile: 8734 milliseconds Unity.TextMeshPro4.cpp
  	Time Compile: 7993 milliseconds Generics9.cpp
  Total compilation time: 64659 milliseconds.
  Creating library C:\Users\joyce\ClayAR3\builds\initialDragUpdate\build\obj\il2cppOutputProject\ARM64\Release\linkresult_BF4CFB534EB7F75CE4B3018266286043\GameAssembly.lib and object C:\Users\joyce\ClayAR3\builds\initialDragUpdate\build\obj\il2cppOutputProject\ARM64\Release\linkresult_BF4CFB534EB7F75CE4B3018266286043\GameAssembly.exp
  Total link time: 5124 milliseconds.
  Cleaned up 1 object files.
